<?xml version="1.0" encoding="utf-8"?>
<coverage line-rate="0.19829999999999998" branch-rate="0.7862" version="1.9" timestamp="1771661954" lines-covered="914" lines-valid="4609" branches-covered="217" branches-valid="276">
  <sources>
    <source>/Users/admin/Desktop/Discounts/DiscountsManagament/</source>
  </sources>
  <packages>
    <package name="Discounts.Application" line-rate="0.7533" branch-rate="0.9188" complexity="416">
      <classes>
        <class name="Discounts.Application.Validators.LoginRequestValidator" filename="Discounts.Application/Validators/LoginRequestValidator.cs" line-rate="0" branch-rate="1" complexity="1">
          <methods>
            <method name=".ctor" signature="()" line-rate="0" branch-rate="1" complexity="1">
              <lines>
                <line number="10" hits="0" branch="False" />
                <line number="11" hits="0" branch="False" />
                <line number="12" hits="0" branch="False" />
                <line number="13" hits="0" branch="False" />
                <line number="14" hits="0" branch="False" />
                <line number="16" hits="0" branch="False" />
                <line number="17" hits="0" branch="False" />
                <line number="18" hits="0" branch="False" />
              </lines>
            </method>
          </methods>
          <lines>
            <line number="10" hits="0" branch="False" />
            <line number="11" hits="0" branch="False" />
            <line number="12" hits="0" branch="False" />
            <line number="13" hits="0" branch="False" />
            <line number="14" hits="0" branch="False" />
            <line number="16" hits="0" branch="False" />
            <line number="17" hits="0" branch="False" />
            <line number="18" hits="0" branch="False" />
          </lines>
        </class>
        <class name="Discounts.Application.Validators.RegisterCustomerRequestValidator" filename="Discounts.Application/Validators/RegisterCustomerRequestValidator.cs" line-rate="0" branch-rate="1" complexity="1">
          <methods>
            <method name=".ctor" signature="()" line-rate="0" branch-rate="1" complexity="1">
              <lines>
                <line number="10" hits="0" branch="False" />
                <line number="11" hits="0" branch="False" />
                <line number="12" hits="0" branch="False" />
                <line number="13" hits="0" branch="False" />
                <line number="14" hits="0" branch="False" />
                <line number="16" hits="0" branch="False" />
                <line number="17" hits="0" branch="False" />
                <line number="18" hits="0" branch="False" />
                <line number="20" hits="0" branch="False" />
                <line number="21" hits="0" branch="False" />
                <line number="22" hits="0" branch="False" />
                <line number="25" hits="0" branch="False" />
                <line number="26" hits="0" branch="False" />
                <line number="27" hits="0" branch="False" />
                <line number="28" hits="0" branch="False" />
                <line number="29" hits="0" branch="False" />
                <line number="30" hits="0" branch="False" />
                <line number="32" hits="0" branch="False" />
                <line number="33" hits="0" branch="False" />
                <line number="34" hits="0" branch="False" />
                <line number="35" hits="0" branch="False" />
              </lines>
            </method>
          </methods>
          <lines>
            <line number="10" hits="0" branch="False" />
            <line number="11" hits="0" branch="False" />
            <line number="12" hits="0" branch="False" />
            <line number="13" hits="0" branch="False" />
            <line number="14" hits="0" branch="False" />
            <line number="16" hits="0" branch="False" />
            <line number="17" hits="0" branch="False" />
            <line number="18" hits="0" branch="False" />
            <line number="20" hits="0" branch="False" />
            <line number="21" hits="0" branch="False" />
            <line number="22" hits="0" branch="False" />
            <line number="25" hits="0" branch="False" />
            <line number="26" hits="0" branch="False" />
            <line number="27" hits="0" branch="False" />
            <line number="28" hits="0" branch="False" />
            <line number="29" hits="0" branch="False" />
            <line number="30" hits="0" branch="False" />
            <line number="32" hits="0" branch="False" />
            <line number="33" hits="0" branch="False" />
            <line number="34" hits="0" branch="False" />
            <line number="35" hits="0" branch="False" />
          </lines>
        </class>
        <class name="Discounts.Application.Validators.RegisterMerchantRequestValidator" filename="Discounts.Application/Validators/RegisterMerchantRequestValidator.cs" line-rate="0" branch-rate="1" complexity="1">
          <methods>
            <method name=".ctor" signature="()" line-rate="0" branch-rate="1" complexity="1">
              <lines>
                <line number="10" hits="0" branch="False" />
                <line number="11" hits="0" branch="False" />
                <line number="12" hits="0" branch="False" />
                <line number="13" hits="0" branch="False" />
                <line number="14" hits="0" branch="False" />
                <line number="16" hits="0" branch="False" />
                <line number="17" hits="0" branch="False" />
                <line number="18" hits="0" branch="False" />
                <line number="20" hits="0" branch="False" />
                <line number="21" hits="0" branch="False" />
                <line number="22" hits="0" branch="False" />
                <line number="24" hits="0" branch="False" />
                <line number="25" hits="0" branch="False" />
                <line number="26" hits="0" branch="False" />
                <line number="27" hits="0" branch="False" />
                <line number="28" hits="0" branch="False" />
                <line number="29" hits="0" branch="False" />
                <line number="31" hits="0" branch="False" />
                <line number="32" hits="0" branch="False" />
                <line number="33" hits="0" branch="False" />
                <line number="35" hits="0" branch="False" />
                <line number="36" hits="0" branch="False" />
                <line number="37" hits="0" branch="False" />
                <line number="39" hits="0" branch="False" />
                <line number="40" hits="0" branch="False" />
                <line number="41" hits="0" branch="False" />
                <line number="43" hits="0" branch="False" />
                <line number="44" hits="0" branch="False" />
                <line number="45" hits="0" branch="False" />
                <line number="47" hits="0" branch="False" />
                <line number="48" hits="0" branch="False" />
                <line number="49" hits="0" branch="False" />
                <line number="50" hits="0" branch="False" />
              </lines>
            </method>
          </methods>
          <lines>
            <line number="10" hits="0" branch="False" />
            <line number="11" hits="0" branch="False" />
            <line number="12" hits="0" branch="False" />
            <line number="13" hits="0" branch="False" />
            <line number="14" hits="0" branch="False" />
            <line number="16" hits="0" branch="False" />
            <line number="17" hits="0" branch="False" />
            <line number="18" hits="0" branch="False" />
            <line number="20" hits="0" branch="False" />
            <line number="21" hits="0" branch="False" />
            <line number="22" hits="0" branch="False" />
            <line number="24" hits="0" branch="False" />
            <line number="25" hits="0" branch="False" />
            <line number="26" hits="0" branch="False" />
            <line number="27" hits="0" branch="False" />
            <line number="28" hits="0" branch="False" />
            <line number="29" hits="0" branch="False" />
            <line number="31" hits="0" branch="False" />
            <line number="32" hits="0" branch="False" />
            <line number="33" hits="0" branch="False" />
            <line number="35" hits="0" branch="False" />
            <line number="36" hits="0" branch="False" />
            <line number="37" hits="0" branch="False" />
            <line number="39" hits="0" branch="False" />
            <line number="40" hits="0" branch="False" />
            <line number="41" hits="0" branch="False" />
            <line number="43" hits="0" branch="False" />
            <line number="44" hits="0" branch="False" />
            <line number="45" hits="0" branch="False" />
            <line number="47" hits="0" branch="False" />
            <line number="48" hits="0" branch="False" />
            <line number="49" hits="0" branch="False" />
            <line number="50" hits="0" branch="False" />
          </lines>
        </class>
        <class name="Discounts.Application.Validators.Reservations.CreateReservationRequestValidator" filename="Discounts.Application/Validators/Reservations/CreateReservationRequestValidator.cs" line-rate="0" branch-rate="1" complexity="1">
          <methods>
            <method name=".ctor" signature="()" line-rate="0" branch-rate="1" complexity="1">
              <lines>
                <line number="10" hits="0" branch="False" />
                <line number="11" hits="0" branch="False" />
                <line number="12" hits="0" branch="False" />
                <line number="13" hits="0" branch="False" />
                <line number="15" hits="0" branch="False" />
                <line number="16" hits="0" branch="False" />
                <line number="17" hits="0" branch="False" />
                <line number="18" hits="0" branch="False" />
              </lines>
            </method>
          </methods>
          <lines>
            <line number="10" hits="0" branch="False" />
            <line number="11" hits="0" branch="False" />
            <line number="12" hits="0" branch="False" />
            <line number="13" hits="0" branch="False" />
            <line number="15" hits="0" branch="False" />
            <line number="16" hits="0" branch="False" />
            <line number="17" hits="0" branch="False" />
            <line number="18" hits="0" branch="False" />
          </lines>
        </class>
        <class name="Discounts.Application.Validators.Offers.CreateOfferRequestValidator" filename="Discounts.Application/Validators/Offers/CreateOfferRequestValidator.cs" line-rate="0" branch-rate="1" complexity="1">
          <methods>
            <method name=".ctor" signature="()" line-rate="0" branch-rate="1" complexity="1">
              <lines>
                <line number="10" hits="0" branch="False" />
                <line number="11" hits="0" branch="False" />
                <line number="12" hits="0" branch="False" />
                <line number="13" hits="0" branch="False" />
                <line number="14" hits="0" branch="False" />
                <line number="16" hits="0" branch="False" />
                <line number="17" hits="0" branch="False" />
                <line number="18" hits="0" branch="False" />
                <line number="20" hits="0" branch="False" />
                <line number="21" hits="0" branch="False" />
                <line number="23" hits="0" branch="False" />
                <line number="24" hits="0" branch="False" />
                <line number="26" hits="0" branch="False" />
                <line number="27" hits="0" branch="False" />
                <line number="28" hits="0" branch="False" />
                <line number="30" hits="0" branch="False" />
                <line number="31" hits="0" branch="False" />
                <line number="33" hits="0" branch="False" />
                <line number="34" hits="0" branch="False" />
                <line number="35" hits="0" branch="False" />
                <line number="37" hits="0" branch="False" />
                <line number="38" hits="0" branch="False" />
                <line number="39" hits="0" branch="False" />
                <line number="41" hits="0" branch="False" />
                <line number="42" hits="0" branch="False" />
                <line number="43" hits="0" branch="False" />
                <line number="44" hits="0" branch="False" />
              </lines>
            </method>
          </methods>
          <lines>
            <line number="10" hits="0" branch="False" />
            <line number="11" hits="0" branch="False" />
            <line number="12" hits="0" branch="False" />
            <line number="13" hits="0" branch="False" />
            <line number="14" hits="0" branch="False" />
            <line number="16" hits="0" branch="False" />
            <line number="17" hits="0" branch="False" />
            <line number="18" hits="0" branch="False" />
            <line number="20" hits="0" branch="False" />
            <line number="21" hits="0" branch="False" />
            <line number="23" hits="0" branch="False" />
            <line number="24" hits="0" branch="False" />
            <line number="26" hits="0" branch="False" />
            <line number="27" hits="0" branch="False" />
            <line number="28" hits="0" branch="False" />
            <line number="30" hits="0" branch="False" />
            <line number="31" hits="0" branch="False" />
            <line number="33" hits="0" branch="False" />
            <line number="34" hits="0" branch="False" />
            <line number="35" hits="0" branch="False" />
            <line number="37" hits="0" branch="False" />
            <line number="38" hits="0" branch="False" />
            <line number="39" hits="0" branch="False" />
            <line number="41" hits="0" branch="False" />
            <line number="42" hits="0" branch="False" />
            <line number="43" hits="0" branch="False" />
            <line number="44" hits="0" branch="False" />
          </lines>
        </class>
        <class name="Discounts.Application.Validators.Offers.RejectOfferRequestValidator" filename="Discounts.Application/Validators/Offers/RejectOfferRequestValidator.cs" line-rate="0" branch-rate="1" complexity="1">
          <methods>
            <method name=".ctor" signature="()" line-rate="0" branch-rate="1" complexity="1">
              <lines>
                <line number="10" hits="0" branch="False" />
                <line number="11" hits="0" branch="False" />
                <line number="12" hits="0" branch="False" />
                <line number="13" hits="0" branch="False" />
              </lines>
            </method>
          </methods>
          <lines>
            <line number="10" hits="0" branch="False" />
            <line number="11" hits="0" branch="False" />
            <line number="12" hits="0" branch="False" />
            <line number="13" hits="0" branch="False" />
          </lines>
        </class>
        <class name="Discounts.Application.Validators.Offers.UpdateOfferRequestValidator" filename="Discounts.Application/Validators/Offers/UpdateOfferRequestValidator.cs" line-rate="0" branch-rate="1" complexity="1">
          <methods>
            <method name=".ctor" signature="()" line-rate="0" branch-rate="1" complexity="1">
              <lines>
                <line number="10" hits="0" branch="False" />
                <line number="11" hits="0" branch="False" />
                <line number="12" hits="0" branch="False" />
                <line number="13" hits="0" branch="False" />
                <line number="14" hits="0" branch="False" />
                <line number="16" hits="0" branch="False" />
                <line number="17" hits="0" branch="False" />
                <line number="18" hits="0" branch="False" />
                <line number="20" hits="0" branch="False" />
                <line number="21" hits="0" branch="False" />
                <line number="23" hits="0" branch="False" />
                <line number="24" hits="0" branch="False" />
                <line number="26" hits="0" branch="False" />
                <line number="27" hits="0" branch="False" />
                <line number="28" hits="0" branch="False" />
                <line number="30" hits="0" branch="False" />
                <line number="31" hits="0" branch="False" />
                <line number="33" hits="0" branch="False" />
                <line number="34" hits="0" branch="False" />
                <line number="36" hits="0" branch="False" />
                <line number="37" hits="0" branch="False" />
                <line number="38" hits="0" branch="False" />
                <line number="40" hits="0" branch="False" />
                <line number="41" hits="0" branch="False" />
                <line number="42" hits="0" branch="False" />
                <line number="43" hits="0" branch="False" />
              </lines>
            </method>
          </methods>
          <lines>
            <line number="10" hits="0" branch="False" />
            <line number="11" hits="0" branch="False" />
            <line number="12" hits="0" branch="False" />
            <line number="13" hits="0" branch="False" />
            <line number="14" hits="0" branch="False" />
            <line number="16" hits="0" branch="False" />
            <line number="17" hits="0" branch="False" />
            <line number="18" hits="0" branch="False" />
            <line number="20" hits="0" branch="False" />
            <line number="21" hits="0" branch="False" />
            <line number="23" hits="0" branch="False" />
            <line number="24" hits="0" branch="False" />
            <line number="26" hits="0" branch="False" />
            <line number="27" hits="0" branch="False" />
            <line number="28" hits="0" branch="False" />
            <line number="30" hits="0" branch="False" />
            <line number="31" hits="0" branch="False" />
            <line number="33" hits="0" branch="False" />
            <line number="34" hits="0" branch="False" />
            <line number="36" hits="0" branch="False" />
            <line number="37" hits="0" branch="False" />
            <line number="38" hits="0" branch="False" />
            <line number="40" hits="0" branch="False" />
            <line number="41" hits="0" branch="False" />
            <line number="42" hits="0" branch="False" />
            <line number="43" hits="0" branch="False" />
          </lines>
        </class>
        <class name="Discounts.Application.Validators.GlobalSettings.UpdateGlobalSettingsRequestValidator" filename="Discounts.Application/Validators/GlobalSettings/UpdateGlobalSettingsRequestValidator.cs" line-rate="0" branch-rate="1" complexity="1">
          <methods>
            <method name=".ctor" signature="()" line-rate="0" branch-rate="1" complexity="1">
              <lines>
                <line number="10" hits="0" branch="False" />
                <line number="11" hits="0" branch="False" />
                <line number="12" hits="0" branch="False" />
                <line number="13" hits="0" branch="False" />
                <line number="14" hits="0" branch="False" />
                <line number="16" hits="0" branch="False" />
                <line number="17" hits="0" branch="False" />
                <line number="18" hits="0" branch="False" />
                <line number="19" hits="0" branch="False" />
              </lines>
            </method>
          </methods>
          <lines>
            <line number="10" hits="0" branch="False" />
            <line number="11" hits="0" branch="False" />
            <line number="12" hits="0" branch="False" />
            <line number="13" hits="0" branch="False" />
            <line number="14" hits="0" branch="False" />
            <line number="16" hits="0" branch="False" />
            <line number="17" hits="0" branch="False" />
            <line number="18" hits="0" branch="False" />
            <line number="19" hits="0" branch="False" />
          </lines>
        </class>
        <class name="Discounts.Application.Validators.Categories.CreateCategoryRequestValidator" filename="Discounts.Application/Validators/Categories/CreateCategoryRequestValidator.cs" line-rate="0" branch-rate="1" complexity="1">
          <methods>
            <method name=".ctor" signature="()" line-rate="0" branch-rate="1" complexity="1">
              <lines>
                <line number="10" hits="0" branch="False" />
                <line number="11" hits="0" branch="False" />
                <line number="12" hits="0" branch="False" />
                <line number="13" hits="0" branch="False" />
                <line number="14" hits="0" branch="False" />
                <line number="16" hits="0" branch="False" />
                <line number="17" hits="0" branch="False" />
                <line number="18" hits="0" branch="False" />
                <line number="20" hits="0" branch="False" />
                <line number="21" hits="0" branch="False" />
                <line number="22" hits="0" branch="False" />
                <line number="23" hits="0" branch="False" />
              </lines>
            </method>
          </methods>
          <lines>
            <line number="10" hits="0" branch="False" />
            <line number="11" hits="0" branch="False" />
            <line number="12" hits="0" branch="False" />
            <line number="13" hits="0" branch="False" />
            <line number="14" hits="0" branch="False" />
            <line number="16" hits="0" branch="False" />
            <line number="17" hits="0" branch="False" />
            <line number="18" hits="0" branch="False" />
            <line number="20" hits="0" branch="False" />
            <line number="21" hits="0" branch="False" />
            <line number="22" hits="0" branch="False" />
            <line number="23" hits="0" branch="False" />
          </lines>
        </class>
        <class name="Discounts.Application.Validators.Categories.UpdateCategoryRequestValidator" filename="Discounts.Application/Validators/Categories/UpdateCategoryRequestValidator.cs" line-rate="0" branch-rate="1" complexity="1">
          <methods>
            <method name=".ctor" signature="()" line-rate="0" branch-rate="1" complexity="1">
              <lines>
                <line number="10" hits="0" branch="False" />
                <line number="11" hits="0" branch="False" />
                <line number="12" hits="0" branch="False" />
                <line number="13" hits="0" branch="False" />
                <line number="14" hits="0" branch="False" />
                <line number="16" hits="0" branch="False" />
                <line number="17" hits="0" branch="False" />
                <line number="18" hits="0" branch="False" />
                <line number="20" hits="0" branch="False" />
                <line number="21" hits="0" branch="False" />
                <line number="22" hits="0" branch="False" />
                <line number="23" hits="0" branch="False" />
              </lines>
            </method>
          </methods>
          <lines>
            <line number="10" hits="0" branch="False" />
            <line number="11" hits="0" branch="False" />
            <line number="12" hits="0" branch="False" />
            <line number="13" hits="0" branch="False" />
            <line number="14" hits="0" branch="False" />
            <line number="16" hits="0" branch="False" />
            <line number="17" hits="0" branch="False" />
            <line number="18" hits="0" branch="False" />
            <line number="20" hits="0" branch="False" />
            <line number="21" hits="0" branch="False" />
            <line number="22" hits="0" branch="False" />
            <line number="23" hits="0" branch="False" />
          </lines>
        </class>
        <class name="Discounts.Application.Validators.Admin.UpdateUserRequestValidator" filename="Discounts.Application/Validators/Admin/UpdateUserRequestValidator.cs" line-rate="0" branch-rate="1" complexity="1">
          <methods>
            <method name=".ctor" signature="()" line-rate="0" branch-rate="1" complexity="1">
              <lines>
                <line number="10" hits="0" branch="False" />
                <line number="11" hits="0" branch="False" />
                <line number="12" hits="0" branch="False" />
                <line number="13" hits="0" branch="False" />
                <line number="14" hits="0" branch="False" />
                <line number="16" hits="0" branch="False" />
                <line number="17" hits="0" branch="False" />
                <line number="18" hits="0" branch="False" />
                <line number="20" hits="0" branch="False" />
                <line number="21" hits="0" branch="False" />
                <line number="22" hits="0" branch="False" />
                <line number="24" hits="0" branch="False" />
                <line number="25" hits="0" branch="False" />
                <line number="26" hits="0" branch="False" />
              </lines>
            </method>
          </methods>
          <lines>
            <line number="10" hits="0" branch="False" />
            <line number="11" hits="0" branch="False" />
            <line number="12" hits="0" branch="False" />
            <line number="13" hits="0" branch="False" />
            <line number="14" hits="0" branch="False" />
            <line number="16" hits="0" branch="False" />
            <line number="17" hits="0" branch="False" />
            <line number="18" hits="0" branch="False" />
            <line number="20" hits="0" branch="False" />
            <line number="21" hits="0" branch="False" />
            <line number="22" hits="0" branch="False" />
            <line number="24" hits="0" branch="False" />
            <line number="25" hits="0" branch="False" />
            <line number="26" hits="0" branch="False" />
          </lines>
        </class>
        <class name="Discounts.Application.Services.Implementations.AdminService" filename="Discounts.Application/Services/Implementations/AdminService.cs" line-rate="1" branch-rate="1" complexity="1">
          <methods>
            <method name=".ctor" signature="(Microsoft.AspNetCore.Identity.UserManager`1&lt;Discounts.Domain.Entity.ApplicationUser&gt;,Discounts.Application.IRepositories.IUnitOfWork,Microsoft.Extensions.Logging.ILogger`1&lt;Discounts.Application.Services.Implementations.AdminService&gt;)" line-rate="1" branch-rate="1" complexity="1">
              <lines>
                <line number="21" hits="20" branch="False" />
                <line number="22" hits="20" branch="False" />
                <line number="23" hits="20" branch="False" />
                <line number="24" hits="20" branch="False" />
                <line number="25" hits="20" branch="False" />
                <line number="26" hits="20" branch="False" />
                <line number="27" hits="20" branch="False" />
                <line number="28" hits="20" branch="False" />
                <line number="29" hits="20" branch="False" />
              </lines>
            </method>
          </methods>
          <lines>
            <line number="21" hits="20" branch="False" />
            <line number="22" hits="20" branch="False" />
            <line number="23" hits="20" branch="False" />
            <line number="24" hits="20" branch="False" />
            <line number="25" hits="20" branch="False" />
            <line number="26" hits="20" branch="False" />
            <line number="27" hits="20" branch="False" />
            <line number="28" hits="20" branch="False" />
            <line number="29" hits="20" branch="False" />
          </lines>
        </class>
        <class name="Discounts.Application.Services.Implementations.AdminService/&lt;&gt;c" filename="Discounts.Application/Services/Implementations/AdminService.cs" line-rate="0.5" branch-rate="1" complexity="4">
          <methods>
            <method name="&lt;GetAllUsersAsync&gt;b__4_0" signature="(Discounts.Application.DTOs.Admin.UserResponseDto)" line-rate="1" branch-rate="1" complexity="1">
              <lines>
                <line number="48" hits="3" branch="False" />
              </lines>
            </method>
            <method name="&lt;UpdateUserAsync&gt;b__6_0" signature="(Microsoft.AspNetCore.Identity.IdentityError)" line-rate="1" branch-rate="1" complexity="1">
              <lines>
                <line number="90" hits="2" branch="False" />
              </lines>
            </method>
            <method name="&lt;MakeAdminAsync&gt;b__9_0" signature="(Microsoft.AspNetCore.Identity.IdentityError)" line-rate="0" branch-rate="1" complexity="1">
              <lines>
                <line number="157" hits="0" branch="False" />
              </lines>
            </method>
            <method name="&lt;RemoveAdminAsync&gt;b__10_0" signature="(Microsoft.AspNetCore.Identity.IdentityError)" line-rate="0" branch-rate="1" complexity="1">
              <lines>
                <line number="184" hits="0" branch="False" />
              </lines>
            </method>
          </methods>
          <lines>
            <line number="48" hits="3" branch="False" />
            <line number="90" hits="2" branch="False" />
            <line number="157" hits="0" branch="False" />
            <line number="184" hits="0" branch="False" />
          </lines>
        </class>
        <class name="Discounts.Application.Services.Implementations.AdminService/&lt;BlockUserAsync&gt;d__7" filename="Discounts.Application/Services/Implementations/AdminService.cs" line-rate="1" branch-rate="1" complexity="6">
          <methods>
            <method name="MoveNext" signature="()" line-rate="1" branch-rate="1" complexity="6">
              <lines>
                <line number="102" hits="4" branch="False" />
                <line number="103" hits="4" branch="False" />
                <line number="105" hits="5" branch="True" condition-coverage="100% (2/2)">
                  <conditions>
                    <condition number="208" type="jump" coverage="100%" />
                  </conditions>
                </line>
                <line number="107" hits="3" branch="False" />
                <line number="109" hits="4" branch="True" condition-coverage="100% (2/2)">
                  <conditions>
                    <condition number="397" type="jump" coverage="100%" />
                  </conditions>
                </line>
                <line number="111" hits="3" branch="True" condition-coverage="100% (2/2)">
                  <conditions>
                    <condition number="428" type="jump" coverage="100%" />
                  </conditions>
                </line>
                <line number="113" hits="1" branch="False" />
                <line number="115" hits="1" branch="False" />
                <line number="117" hits="1" branch="False" />
                <line number="119" hits="1" branch="False" />
                <line number="120" hits="1" branch="False" />
              </lines>
            </method>
          </methods>
          <lines>
            <line number="102" hits="4" branch="False" />
            <line number="103" hits="4" branch="False" />
            <line number="105" hits="5" branch="True" condition-coverage="100% (2/2)">
              <conditions>
                <condition number="208" type="jump" coverage="100%" />
              </conditions>
            </line>
            <line number="107" hits="3" branch="False" />
            <line number="109" hits="4" branch="True" condition-coverage="100% (2/2)">
              <conditions>
                <condition number="397" type="jump" coverage="100%" />
              </conditions>
            </line>
            <line number="111" hits="3" branch="True" condition-coverage="100% (2/2)">
              <conditions>
                <condition number="428" type="jump" coverage="100%" />
              </conditions>
            </line>
            <line number="113" hits="1" branch="False" />
            <line number="115" hits="1" branch="False" />
            <line number="117" hits="1" branch="False" />
            <line number="119" hits="1" branch="False" />
            <line number="120" hits="1" branch="False" />
          </lines>
        </class>
        <class name="Discounts.Application.Services.Implementations.AdminService/&lt;DeleteUserAsync&gt;d__11" filename="Discounts.Application/Services/Implementations/AdminService.cs" line-rate="1" branch-rate="0.75" complexity="4">
          <methods>
            <method name="MoveNext" signature="()" line-rate="1" branch-rate="0.75" complexity="4">
              <lines>
                <line number="196" hits="2" branch="False" />
                <line number="197" hits="2" branch="False" />
                <line number="199" hits="2" branch="True" condition-coverage="50% (1/2)">
                  <conditions>
                    <condition number="198" type="jump" coverage="50%" />
                  </conditions>
                </line>
                <line number="201" hits="2" branch="False" />
                <line number="203" hits="2" branch="True" condition-coverage="100% (2/2)">
                  <conditions>
                    <condition number="386" type="jump" coverage="100%" />
                  </conditions>
                </line>
                <line number="204" hits="1" branch="False" />
                <line number="206" hits="1" branch="False" />
                <line number="207" hits="1" branch="False" />
                <line number="208" hits="1" branch="False" />
                <line number="210" hits="1" branch="False" />
                <line number="212" hits="1" branch="False" />
                <line number="213" hits="1" branch="False" />
              </lines>
            </method>
          </methods>
          <lines>
            <line number="196" hits="2" branch="False" />
            <line number="197" hits="2" branch="False" />
            <line number="199" hits="2" branch="True" condition-coverage="50% (1/2)">
              <conditions>
                <condition number="198" type="jump" coverage="50%" />
              </conditions>
            </line>
            <line number="201" hits="2" branch="False" />
            <line number="203" hits="2" branch="True" condition-coverage="100% (2/2)">
              <conditions>
                <condition number="386" type="jump" coverage="100%" />
              </conditions>
            </line>
            <line number="204" hits="1" branch="False" />
            <line number="206" hits="1" branch="False" />
            <line number="207" hits="1" branch="False" />
            <line number="208" hits="1" branch="False" />
            <line number="210" hits="1" branch="False" />
            <line number="212" hits="1" branch="False" />
            <line number="213" hits="1" branch="False" />
          </lines>
        </class>
        <class name="Discounts.Application.Services.Implementations.AdminService/&lt;GetAllUsersAsync&gt;d__4" filename="Discounts.Application/Services/Implementations/AdminService.cs" line-rate="1" branch-rate="1" complexity="8">
          <methods>
            <method name="MoveNext" signature="()" line-rate="1" branch-rate="1" complexity="8">
              <lines>
                <line number="33" hits="2" branch="True" condition-coverage="100% (2/2)">
                  <conditions>
                    <condition number="16" type="jump" coverage="100%" />
                  </conditions>
                </line>
                <line number="34" hits="2" branch="False" />
                <line number="36" hits="2" branch="False" />
                <line number="38" hits="16" branch="True" condition-coverage="100% (2/2)">
                  <conditions>
                    <condition number="655" type="jump" coverage="100%" />
                  </conditions>
                </line>
                <line number="39" hits="5" branch="False" />
                <line number="40" hits="5" branch="False" />
                <line number="42" hits="6" branch="True" condition-coverage="100% (4/4)">
                  <conditions>
                    <condition number="412" type="jump" coverage="100%" />
                    <condition number="441" type="jump" coverage="100%" />
                  </conditions>
                </line>
                <line number="44" hits="4" branch="False" />
                <line number="45" hits="4" branch="False" />
                <line number="46" hits="4" branch="False" />
                <line number="49" hits="2" branch="False" />
              </lines>
            </method>
          </methods>
          <lines>
            <line number="33" hits="2" branch="True" condition-coverage="100% (2/2)">
              <conditions>
                <condition number="16" type="jump" coverage="100%" />
              </conditions>
            </line>
            <line number="34" hits="2" branch="False" />
            <line number="36" hits="2" branch="False" />
            <line number="38" hits="16" branch="True" condition-coverage="100% (2/2)">
              <conditions>
                <condition number="655" type="jump" coverage="100%" />
              </conditions>
            </line>
            <line number="39" hits="5" branch="False" />
            <line number="40" hits="5" branch="False" />
            <line number="42" hits="6" branch="True" condition-coverage="100% (4/4)">
              <conditions>
                <condition number="412" type="jump" coverage="100%" />
                <condition number="441" type="jump" coverage="100%" />
              </conditions>
            </line>
            <line number="44" hits="4" branch="False" />
            <line number="45" hits="4" branch="False" />
            <line number="46" hits="4" branch="False" />
            <line number="49" hits="2" branch="False" />
          </lines>
        </class>
        <class name="Discounts.Application.Services.Implementations.AdminService/&lt;GetUserByIdAsync&gt;d__5" filename="Discounts.Application/Services/Implementations/AdminService.cs" line-rate="1" branch-rate="1" complexity="2">
          <methods>
            <method name="MoveNext" signature="()" line-rate="1" branch-rate="1" complexity="2">
              <lines>
                <line number="53" hits="2" branch="False" />
                <line number="54" hits="2" branch="False" />
                <line number="56" hits="3" branch="True" condition-coverage="100% (2/2)">
                  <conditions>
                    <condition number="199" type="jump" coverage="100%" />
                  </conditions>
                </line>
                <line number="58" hits="1" branch="False" />
                <line number="60" hits="1" branch="False" />
                <line number="61" hits="1" branch="False" />
              </lines>
            </method>
          </methods>
          <lines>
            <line number="53" hits="2" branch="False" />
            <line number="54" hits="2" branch="False" />
            <line number="56" hits="3" branch="True" condition-coverage="100% (2/2)">
              <conditions>
                <condition number="199" type="jump" coverage="100%" />
              </conditions>
            </line>
            <line number="58" hits="1" branch="False" />
            <line number="60" hits="1" branch="False" />
            <line number="61" hits="1" branch="False" />
          </lines>
        </class>
        <class name="Discounts.Application.Services.Implementations.AdminService/&lt;MakeAdminAsync&gt;d__9" filename="Discounts.Application/Services/Implementations/AdminService.cs" line-rate="0.8571" branch-rate="0.6666" complexity="6">
          <methods>
            <method name="MoveNext" signature="()" line-rate="0.8571" branch-rate="0.6666" complexity="6">
              <lines>
                <line number="143" hits="2" branch="False" />
                <line number="144" hits="2" branch="False" />
                <line number="146" hits="2" branch="True" condition-coverage="50% (1/2)">
                  <conditions>
                    <condition number="217" type="jump" coverage="50%" />
                  </conditions>
                </line>
                <line number="148" hits="2" branch="False" />
                <line number="150" hits="2" branch="True" condition-coverage="100% (2/2)">
                  <conditions>
                    <condition number="406" type="jump" coverage="100%" />
                  </conditions>
                </line>
                <line number="151" hits="1" branch="False" />
                <line number="153" hits="1" branch="False" />
                <line number="155" hits="1" branch="True" condition-coverage="50% (1/2)">
                  <conditions>
                    <condition number="613" type="jump" coverage="50%" />
                  </conditions>
                </line>
                <line number="156" hits="0" branch="False" />
                <line number="158" hits="0" branch="False" />
                <line number="161" hits="1" branch="False" />
                <line number="163" hits="1" branch="False" />
                <line number="165" hits="1" branch="False" />
                <line number="166" hits="1" branch="False" />
              </lines>
            </method>
          </methods>
          <lines>
            <line number="143" hits="2" branch="False" />
            <line number="144" hits="2" branch="False" />
            <line number="146" hits="2" branch="True" condition-coverage="50% (1/2)">
              <conditions>
                <condition number="217" type="jump" coverage="50%" />
              </conditions>
            </line>
            <line number="148" hits="2" branch="False" />
            <line number="150" hits="2" branch="True" condition-coverage="100% (2/2)">
              <conditions>
                <condition number="406" type="jump" coverage="100%" />
              </conditions>
            </line>
            <line number="151" hits="1" branch="False" />
            <line number="153" hits="1" branch="False" />
            <line number="155" hits="1" branch="True" condition-coverage="50% (1/2)">
              <conditions>
                <condition number="613" type="jump" coverage="50%" />
              </conditions>
            </line>
            <line number="156" hits="0" branch="False" />
            <line number="158" hits="0" branch="False" />
            <line number="161" hits="1" branch="False" />
            <line number="163" hits="1" branch="False" />
            <line number="165" hits="1" branch="False" />
            <line number="166" hits="1" branch="False" />
          </lines>
        </class>
        <class name="Discounts.Application.Services.Implementations.AdminService/&lt;MapToUserResponseAsync&gt;d__12" filename="Discounts.Application/Services/Implementations/AdminService.cs" line-rate="0.6" branch-rate="0.5" complexity="2">
          <methods>
            <method name="MoveNext" signature="()" line-rate="0.6" branch-rate="0.5" complexity="2">
              <lines>
                <line number="216" hits="10" branch="False" />
                <line number="217" hits="10" branch="True" condition-coverage="50% (1/2)">
                  <conditions>
                    <condition number="36" type="jump" coverage="50%" />
                  </conditions>
                </line>
                <line number="218" hits="0" branch="False" />
                <line number="219" hits="0" branch="False" />
                <line number="220" hits="0" branch="False" />
                <line number="221" hits="0" branch="False" />
                <line number="223" hits="10" branch="False" />
                <line number="224" hits="10" branch="False" />
                <line number="226" hits="10" branch="False" />
                <line number="227" hits="10" branch="False" />
              </lines>
            </method>
          </methods>
          <lines>
            <line number="216" hits="10" branch="False" />
            <line number="217" hits="10" branch="True" condition-coverage="50% (1/2)">
              <conditions>
                <condition number="36" type="jump" coverage="50%" />
              </conditions>
            </line>
            <line number="218" hits="0" branch="False" />
            <line number="219" hits="0" branch="False" />
            <line number="220" hits="0" branch="False" />
            <line number="221" hits="0" branch="False" />
            <line number="223" hits="10" branch="False" />
            <line number="224" hits="10" branch="False" />
            <line number="226" hits="10" branch="False" />
            <line number="227" hits="10" branch="False" />
          </lines>
        </class>
        <class name="Discounts.Application.Services.Implementations.AdminService/&lt;RemoveAdminAsync&gt;d__10" filename="Discounts.Application/Services/Implementations/AdminService.cs" line-rate="0.8571" branch-rate="0.6666" complexity="6">
          <methods>
            <method name="MoveNext" signature="()" line-rate="0.8571" branch-rate="0.6666" complexity="6">
              <lines>
                <line number="170" hits="2" branch="False" />
                <line number="171" hits="2" branch="False" />
                <line number="173" hits="2" branch="True" condition-coverage="50% (1/2)">
                  <conditions>
                    <condition number="217" type="jump" coverage="50%" />
                  </conditions>
                </line>
                <line number="175" hits="2" branch="False" />
                <line number="177" hits="2" branch="True" condition-coverage="100% (2/2)">
                  <conditions>
                    <condition number="409" type="jump" coverage="100%" />
                  </conditions>
                </line>
                <line number="178" hits="1" branch="False" />
                <line number="180" hits="1" branch="False" />
                <line number="182" hits="1" branch="True" condition-coverage="50% (1/2)">
                  <conditions>
                    <condition number="616" type="jump" coverage="50%" />
                  </conditions>
                </line>
                <line number="183" hits="0" branch="False" />
                <line number="185" hits="0" branch="False" />
                <line number="188" hits="1" branch="False" />
                <line number="190" hits="1" branch="False" />
                <line number="192" hits="1" branch="False" />
                <line number="193" hits="1" branch="False" />
              </lines>
            </method>
          </methods>
          <lines>
            <line number="170" hits="2" branch="False" />
            <line number="171" hits="2" branch="False" />
            <line number="173" hits="2" branch="True" condition-coverage="50% (1/2)">
              <conditions>
                <condition number="217" type="jump" coverage="50%" />
              </conditions>
            </line>
            <line number="175" hits="2" branch="False" />
            <line number="177" hits="2" branch="True" condition-coverage="100% (2/2)">
              <conditions>
                <condition number="409" type="jump" coverage="100%" />
              </conditions>
            </line>
            <line number="178" hits="1" branch="False" />
            <line number="180" hits="1" branch="False" />
            <line number="182" hits="1" branch="True" condition-coverage="50% (1/2)">
              <conditions>
                <condition number="616" type="jump" coverage="50%" />
              </conditions>
            </line>
            <line number="183" hits="0" branch="False" />
            <line number="185" hits="0" branch="False" />
            <line number="188" hits="1" branch="False" />
            <line number="190" hits="1" branch="False" />
            <line number="192" hits="1" branch="False" />
            <line number="193" hits="1" branch="False" />
          </lines>
        </class>
        <class name="Discounts.Application.Services.Implementations.AdminService/&lt;UnblockUserAsync&gt;d__8" filename="Discounts.Application/Services/Implementations/AdminService.cs" line-rate="1" branch-rate="0.75" complexity="4">
          <methods>
            <method name="MoveNext" signature="()" line-rate="1" branch-rate="0.75" complexity="4">
              <lines>
                <line number="124" hits="2" branch="False" />
                <line number="125" hits="2" branch="False" />
                <line number="127" hits="2" branch="True" condition-coverage="50% (1/2)">
                  <conditions>
                    <condition number="208" type="jump" coverage="50%" />
                  </conditions>
                </line>
                <line number="129" hits="3" branch="True" condition-coverage="100% (2/2)">
                  <conditions>
                    <condition number="242" type="jump" coverage="100%" />
                  </conditions>
                </line>
                <line number="131" hits="1" branch="False" />
                <line number="133" hits="1" branch="False" />
                <line number="135" hits="1" branch="False" />
                <line number="137" hits="1" branch="False" />
                <line number="139" hits="1" branch="False" />
                <line number="140" hits="1" branch="False" />
              </lines>
            </method>
          </methods>
          <lines>
            <line number="124" hits="2" branch="False" />
            <line number="125" hits="2" branch="False" />
            <line number="127" hits="2" branch="True" condition-coverage="50% (1/2)">
              <conditions>
                <condition number="208" type="jump" coverage="50%" />
              </conditions>
            </line>
            <line number="129" hits="3" branch="True" condition-coverage="100% (2/2)">
              <conditions>
                <condition number="242" type="jump" coverage="100%" />
              </conditions>
            </line>
            <line number="131" hits="1" branch="False" />
            <line number="133" hits="1" branch="False" />
            <line number="135" hits="1" branch="False" />
            <line number="137" hits="1" branch="False" />
            <line number="139" hits="1" branch="False" />
            <line number="140" hits="1" branch="False" />
          </lines>
        </class>
        <class name="Discounts.Application.Services.Implementations.AdminService/&lt;UpdateUserAsync&gt;d__6" filename="Discounts.Application/Services/Implementations/AdminService.cs" line-rate="0.7826000000000001" branch-rate="0.875" complexity="8">
          <methods>
            <method name="MoveNext" signature="()" line-rate="0.7826000000000001" branch-rate="0.875" complexity="8">
              <lines>
                <line number="65" hits="4" branch="False" />
                <line number="66" hits="4" branch="False" />
                <line number="68" hits="5" branch="True" condition-coverage="100% (2/2)">
                  <conditions>
                    <condition number="217" type="jump" coverage="100%" />
                  </conditions>
                </line>
                <line number="70" hits="3" branch="True" condition-coverage="100% (2/2)">
                  <conditions>
                    <condition number="267" type="jump" coverage="100%" />
                  </conditions>
                </line>
                <line number="71" hits="1" branch="False" />
                <line number="72" hits="1" branch="False" />
                <line number="74" hits="2" branch="True" condition-coverage="50% (1/2)">
                  <conditions>
                    <condition number="440" type="jump" coverage="50%" />
                  </conditions>
                </line>
                <line number="76" hits="0" branch="False" />
                <line number="77" hits="0" branch="False" />
                <line number="78" hits="0" branch="False" />
                <line number="79" hits="0" branch="False" />
                <line number="80" hits="0" branch="False" />
                <line number="82" hits="2" branch="False" />
                <line number="83" hits="2" branch="False" />
                <line number="84" hits="2" branch="False" />
                <line number="86" hits="2" branch="False" />
                <line number="88" hits="2" branch="True" condition-coverage="100% (2/2)">
                  <conditions>
                    <condition number="816" type="jump" coverage="100%" />
                  </conditions>
                </line>
                <line number="89" hits="1" branch="False" />
                <line number="91" hits="1" branch="False" />
                <line number="94" hits="1" branch="False" />
                <line number="96" hits="1" branch="False" />
                <line number="98" hits="1" branch="False" />
                <line number="99" hits="1" branch="False" />
              </lines>
            </method>
          </methods>
          <lines>
            <line number="65" hits="4" branch="False" />
            <line number="66" hits="4" branch="False" />
            <line number="68" hits="5" branch="True" condition-coverage="100% (2/2)">
              <conditions>
                <condition number="217" type="jump" coverage="100%" />
              </conditions>
            </line>
            <line number="70" hits="3" branch="True" condition-coverage="100% (2/2)">
              <conditions>
                <condition number="267" type="jump" coverage="100%" />
              </conditions>
            </line>
            <line number="71" hits="1" branch="False" />
            <line number="72" hits="1" branch="False" />
            <line number="74" hits="2" branch="True" condition-coverage="50% (1/2)">
              <conditions>
                <condition number="440" type="jump" coverage="50%" />
              </conditions>
            </line>
            <line number="76" hits="0" branch="False" />
            <line number="77" hits="0" branch="False" />
            <line number="78" hits="0" branch="False" />
            <line number="79" hits="0" branch="False" />
            <line number="80" hits="0" branch="False" />
            <line number="82" hits="2" branch="False" />
            <line number="83" hits="2" branch="False" />
            <line number="84" hits="2" branch="False" />
            <line number="86" hits="2" branch="False" />
            <line number="88" hits="2" branch="True" condition-coverage="100% (2/2)">
              <conditions>
                <condition number="816" type="jump" coverage="100%" />
              </conditions>
            </line>
            <line number="89" hits="1" branch="False" />
            <line number="91" hits="1" branch="False" />
            <line number="94" hits="1" branch="False" />
            <line number="96" hits="1" branch="False" />
            <line number="98" hits="1" branch="False" />
            <line number="99" hits="1" branch="False" />
          </lines>
        </class>
        <class name="Discounts.Application.Services.Implementations.AuthService" filename="Discounts.Application/Services/Implementations/AuthService.cs" line-rate="1" branch-rate="1" complexity="1">
          <methods>
            <method name=".ctor" signature="(Microsoft.AspNetCore.Identity.UserManager`1&lt;Discounts.Domain.Entity.ApplicationUser&gt;,Discounts.Application.IRepositories.IUnitOfWork,Microsoft.Extensions.Configuration.IConfiguration,Microsoft.Extensions.Logging.ILogger`1&lt;Discounts.Application.Services.Implementations.AuthService&gt;)" line-rate="1" branch-rate="1" complexity="1">
              <lines>
                <line number="24" hits="12" branch="False" />
                <line number="25" hits="12" branch="False" />
                <line number="26" hits="12" branch="False" />
                <line number="27" hits="12" branch="False" />
                <line number="28" hits="12" branch="False" />
                <line number="29" hits="12" branch="False" />
                <line number="30" hits="12" branch="False" />
                <line number="31" hits="12" branch="False" />
                <line number="32" hits="12" branch="False" />
                <line number="33" hits="12" branch="False" />
                <line number="34" hits="12" branch="False" />
              </lines>
            </method>
          </methods>
          <lines>
            <line number="24" hits="12" branch="False" />
            <line number="25" hits="12" branch="False" />
            <line number="26" hits="12" branch="False" />
            <line number="27" hits="12" branch="False" />
            <line number="28" hits="12" branch="False" />
            <line number="29" hits="12" branch="False" />
            <line number="30" hits="12" branch="False" />
            <line number="31" hits="12" branch="False" />
            <line number="32" hits="12" branch="False" />
            <line number="33" hits="12" branch="False" />
            <line number="34" hits="12" branch="False" />
          </lines>
        </class>
        <class name="Discounts.Application.Services.Implementations.AuthService/&lt;&gt;c" filename="Discounts.Application/Services/Implementations/AuthService.cs" line-rate="0.5" branch-rate="1" complexity="2">
          <methods>
            <method name="&lt;RegisterCustomerAsync&gt;b__5_0" signature="(Microsoft.AspNetCore.Identity.IdentityError)" line-rate="1" branch-rate="1" complexity="1">
              <lines>
                <line number="59" hits="2" branch="False" />
              </lines>
            </method>
            <method name="&lt;RegisterMerchantAsync&gt;b__6_0" signature="(Microsoft.AspNetCore.Identity.IdentityError)" line-rate="0" branch-rate="1" complexity="1">
              <lines>
                <line number="95" hits="0" branch="False" />
              </lines>
            </method>
          </methods>
          <lines>
            <line number="59" hits="2" branch="False" />
            <line number="95" hits="0" branch="False" />
          </lines>
        </class>
        <class name="Discounts.Application.Services.Implementations.AuthService/&lt;GenerateJwtTokenAsync&gt;d__8" filename="Discounts.Application/Services/Implementations/AuthService.cs" line-rate="1" branch-rate="0.75" complexity="8">
          <methods>
            <method name="MoveNext" signature="()" line-rate="1" branch-rate="0.75" complexity="8">
              <lines>
                <line number="144" hits="4" branch="False" />
                <line number="145" hits="4" branch="False" />
                <line number="146" hits="4" branch="True" condition-coverage="50% (1/2)">
                  <conditions>
                    <condition number="185" type="jump" coverage="50%" />
                  </conditions>
                </line>
                <line number="148" hits="4" branch="False" />
                <line number="150" hits="4" branch="True" condition-coverage="100% (2/2)">
                  <conditions>
                    <condition number="230" type="jump" coverage="100%" />
                  </conditions>
                </line>
                <line number="151" hits="2" branch="False" />
                <line number="152" hits="2" branch="False" />
                <line number="153" hits="2" branch="True" condition-coverage="50% (1/2)">
                  <conditions>
                    <condition number="414" type="jump" coverage="50%" />
                  </conditions>
                </line>
                <line number="154" hits="2" branch="False" />
                <line number="156" hits="4" branch="False" />
                <line number="157" hits="4" branch="False" />
                <line number="158" hits="4" branch="False" />
                <line number="159" hits="4" branch="False" />
                <line number="160" hits="4" branch="False" />
                <line number="161" hits="4" branch="False" />
                <line number="162" hits="4" branch="False" />
                <line number="163" hits="4" branch="False" />
                <line number="165" hits="6" branch="True" condition-coverage="100% (2/2)">
                  <conditions>
                    <condition number="613" type="jump" coverage="100%" />
                  </conditions>
                </line>
                <line number="167" hits="4" branch="False" />
                <line number="168" hits="4" branch="False" />
                <line number="169" hits="4" branch="False" />
                <line number="171" hits="4" branch="False" />
                <line number="172" hits="4" branch="False" />
                <line number="173" hits="4" branch="False" />
                <line number="174" hits="4" branch="False" />
                <line number="175" hits="4" branch="False" />
                <line number="176" hits="4" branch="False" />
                <line number="177" hits="4" branch="False" />
                <line number="179" hits="4" branch="False" />
                <line number="181" hits="4" branch="False" />
                <line number="182" hits="4" branch="False" />
                <line number="183" hits="4" branch="False" />
                <line number="184" hits="4" branch="False" />
                <line number="185" hits="4" branch="False" />
                <line number="186" hits="4" branch="False" />
                <line number="187" hits="4" branch="False" />
                <line number="188" hits="4" branch="False" />
                <line number="189" hits="4" branch="False" />
                <line number="190" hits="4" branch="False" />
                <line number="191" hits="4" branch="False" />
              </lines>
            </method>
          </methods>
          <lines>
            <line number="144" hits="4" branch="False" />
            <line number="145" hits="4" branch="False" />
            <line number="146" hits="4" branch="True" condition-coverage="50% (1/2)">
              <conditions>
                <condition number="185" type="jump" coverage="50%" />
              </conditions>
            </line>
            <line number="148" hits="4" branch="False" />
            <line number="150" hits="4" branch="True" condition-coverage="100% (2/2)">
              <conditions>
                <condition number="230" type="jump" coverage="100%" />
              </conditions>
            </line>
            <line number="151" hits="2" branch="False" />
            <line number="152" hits="2" branch="False" />
            <line number="153" hits="2" branch="True" condition-coverage="50% (1/2)">
              <conditions>
                <condition number="414" type="jump" coverage="50%" />
              </conditions>
            </line>
            <line number="154" hits="2" branch="False" />
            <line number="156" hits="4" branch="False" />
            <line number="157" hits="4" branch="False" />
            <line number="158" hits="4" branch="False" />
            <line number="159" hits="4" branch="False" />
            <line number="160" hits="4" branch="False" />
            <line number="161" hits="4" branch="False" />
            <line number="162" hits="4" branch="False" />
            <line number="163" hits="4" branch="False" />
            <line number="165" hits="6" branch="True" condition-coverage="100% (2/2)">
              <conditions>
                <condition number="613" type="jump" coverage="100%" />
              </conditions>
            </line>
            <line number="167" hits="4" branch="False" />
            <line number="168" hits="4" branch="False" />
            <line number="169" hits="4" branch="False" />
            <line number="171" hits="4" branch="False" />
            <line number="172" hits="4" branch="False" />
            <line number="173" hits="4" branch="False" />
            <line number="174" hits="4" branch="False" />
            <line number="175" hits="4" branch="False" />
            <line number="176" hits="4" branch="False" />
            <line number="177" hits="4" branch="False" />
            <line number="179" hits="4" branch="False" />
            <line number="181" hits="4" branch="False" />
            <line number="182" hits="4" branch="False" />
            <line number="183" hits="4" branch="False" />
            <line number="184" hits="4" branch="False" />
            <line number="185" hits="4" branch="False" />
            <line number="186" hits="4" branch="False" />
            <line number="187" hits="4" branch="False" />
            <line number="188" hits="4" branch="False" />
            <line number="189" hits="4" branch="False" />
            <line number="190" hits="4" branch="False" />
            <line number="191" hits="4" branch="False" />
          </lines>
        </class>
        <class name="Discounts.Application.Services.Implementations.AuthService/&lt;LoginAsync&gt;d__7" filename="Discounts.Application/Services/Implementations/AuthService.cs" line-rate="1" branch-rate="1" complexity="6">
          <methods>
            <method name="MoveNext" signature="()" line-rate="1" branch-rate="1" complexity="6">
              <lines>
                <line number="123" hits="5" branch="False" />
                <line number="124" hits="5" branch="False" />
                <line number="126" hits="6" branch="True" condition-coverage="100% (2/2)">
                  <conditions>
                    <condition number="204" type="jump" coverage="100%" />
                  </conditions>
                </line>
                <line number="128" hits="5" branch="True" condition-coverage="100% (2/2)">
                  <conditions>
                    <condition number="235" type="jump" coverage="100%" />
                  </conditions>
                </line>
                <line number="130" hits="3" branch="False" />
                <line number="132" hits="4" branch="True" condition-coverage="100% (2/2)">
                  <conditions>
                    <condition number="415" type="jump" coverage="100%" />
                  </conditions>
                </line>
                <line number="134" hits="2" branch="False" />
                <line number="136" hits="2" branch="False" />
                <line number="138" hits="2" branch="False" />
                <line number="139" hits="2" branch="False" />
              </lines>
            </method>
          </methods>
          <lines>
            <line number="123" hits="5" branch="False" />
            <line number="124" hits="5" branch="False" />
            <line number="126" hits="6" branch="True" condition-coverage="100% (2/2)">
              <conditions>
                <condition number="204" type="jump" coverage="100%" />
              </conditions>
            </line>
            <line number="128" hits="5" branch="True" condition-coverage="100% (2/2)">
              <conditions>
                <condition number="235" type="jump" coverage="100%" />
              </conditions>
            </line>
            <line number="130" hits="3" branch="False" />
            <line number="132" hits="4" branch="True" condition-coverage="100% (2/2)">
              <conditions>
                <condition number="415" type="jump" coverage="100%" />
              </conditions>
            </line>
            <line number="134" hits="2" branch="False" />
            <line number="136" hits="2" branch="False" />
            <line number="138" hits="2" branch="False" />
            <line number="139" hits="2" branch="False" />
          </lines>
        </class>
        <class name="Discounts.Application.Services.Implementations.AuthService/&lt;RegisterCustomerAsync&gt;d__5" filename="Discounts.Application/Services/Implementations/AuthService.cs" line-rate="1" branch-rate="1" complexity="6">
          <methods>
            <method name="MoveNext" signature="()" line-rate="1" branch-rate="1" complexity="6">
              <lines>
                <line number="38" hits="4" branch="False" />
                <line number="39" hits="4" branch="False" />
                <line number="41" hits="4" branch="True" condition-coverage="100% (2/2)">
                  <conditions>
                    <condition number="213" type="jump" coverage="100%" />
                  </conditions>
                </line>
                <line number="42" hits="1" branch="False" />
                <line number="44" hits="3" branch="True" condition-coverage="100% (2/2)">
                  <conditions>
                    <condition number="278" type="jump" coverage="100%" />
                  </conditions>
                </line>
                <line number="45" hits="1" branch="False" />
                <line number="47" hits="2" branch="False" />
                <line number="48" hits="2" branch="False" />
                <line number="49" hits="2" branch="False" />
                <line number="50" hits="2" branch="False" />
                <line number="51" hits="2" branch="False" />
                <line number="52" hits="2" branch="False" />
                <line number="53" hits="2" branch="False" />
                <line number="55" hits="2" branch="False" />
                <line number="57" hits="2" branch="True" condition-coverage="100% (2/2)">
                  <conditions>
                    <condition number="553" type="jump" coverage="100%" />
                  </conditions>
                </line>
                <line number="58" hits="1" branch="False" />
                <line number="60" hits="1" branch="False" />
                <line number="63" hits="1" branch="False" />
                <line number="65" hits="1" branch="False" />
                <line number="67" hits="1" branch="False" />
                <line number="69" hits="1" branch="False" />
                <line number="70" hits="1" branch="False" />
              </lines>
            </method>
          </methods>
          <lines>
            <line number="38" hits="4" branch="False" />
            <line number="39" hits="4" branch="False" />
            <line number="41" hits="4" branch="True" condition-coverage="100% (2/2)">
              <conditions>
                <condition number="213" type="jump" coverage="100%" />
              </conditions>
            </line>
            <line number="42" hits="1" branch="False" />
            <line number="44" hits="3" branch="True" condition-coverage="100% (2/2)">
              <conditions>
                <condition number="278" type="jump" coverage="100%" />
              </conditions>
            </line>
            <line number="45" hits="1" branch="False" />
            <line number="47" hits="2" branch="False" />
            <line number="48" hits="2" branch="False" />
            <line number="49" hits="2" branch="False" />
            <line number="50" hits="2" branch="False" />
            <line number="51" hits="2" branch="False" />
            <line number="52" hits="2" branch="False" />
            <line number="53" hits="2" branch="False" />
            <line number="55" hits="2" branch="False" />
            <line number="57" hits="2" branch="True" condition-coverage="100% (2/2)">
              <conditions>
                <condition number="553" type="jump" coverage="100%" />
              </conditions>
            </line>
            <line number="58" hits="1" branch="False" />
            <line number="60" hits="1" branch="False" />
            <line number="63" hits="1" branch="False" />
            <line number="65" hits="1" branch="False" />
            <line number="67" hits="1" branch="False" />
            <line number="69" hits="1" branch="False" />
            <line number="70" hits="1" branch="False" />
          </lines>
        </class>
        <class name="Discounts.Application.Services.Implementations.AuthService/&lt;RegisterMerchantAsync&gt;d__6" filename="Discounts.Application/Services/Implementations/AuthService.cs" line-rate="0.9393" branch-rate="0.8332999999999999" complexity="6">
          <methods>
            <method name="MoveNext" signature="()" line-rate="0.9393" branch-rate="0.8332999999999999" complexity="6">
              <lines>
                <line number="74" hits="3" branch="False" />
                <line number="75" hits="3" branch="False" />
                <line number="77" hits="3" branch="True" condition-coverage="100% (2/2)">
                  <conditions>
                    <condition number="231" type="jump" coverage="100%" />
                  </conditions>
                </line>
                <line number="78" hits="1" branch="False" />
                <line number="80" hits="2" branch="True" condition-coverage="100% (2/2)">
                  <conditions>
                    <condition number="296" type="jump" coverage="100%" />
                  </conditions>
                </line>
                <line number="81" hits="1" branch="False" />
                <line number="83" hits="1" branch="False" />
                <line number="84" hits="1" branch="False" />
                <line number="85" hits="1" branch="False" />
                <line number="86" hits="1" branch="False" />
                <line number="87" hits="1" branch="False" />
                <line number="88" hits="1" branch="False" />
                <line number="89" hits="1" branch="False" />
                <line number="91" hits="1" branch="False" />
                <line number="93" hits="1" branch="True" condition-coverage="50% (1/2)">
                  <conditions>
                    <condition number="571" type="jump" coverage="50%" />
                  </conditions>
                </line>
                <line number="94" hits="0" branch="False" />
                <line number="96" hits="0" branch="False" />
                <line number="99" hits="1" branch="False" />
                <line number="101" hits="1" branch="False" />
                <line number="102" hits="1" branch="False" />
                <line number="103" hits="1" branch="False" />
                <line number="104" hits="1" branch="False" />
                <line number="105" hits="1" branch="False" />
                <line number="106" hits="1" branch="False" />
                <line number="107" hits="1" branch="False" />
                <line number="108" hits="1" branch="False" />
                <line number="109" hits="1" branch="False" />
                <line number="111" hits="1" branch="False" />
                <line number="112" hits="1" branch="False" />
                <line number="114" hits="1" branch="False" />
                <line number="116" hits="1" branch="False" />
                <line number="118" hits="1" branch="False" />
                <line number="119" hits="1" branch="False" />
              </lines>
            </method>
          </methods>
          <lines>
            <line number="74" hits="3" branch="False" />
            <line number="75" hits="3" branch="False" />
            <line number="77" hits="3" branch="True" condition-coverage="100% (2/2)">
              <conditions>
                <condition number="231" type="jump" coverage="100%" />
              </conditions>
            </line>
            <line number="78" hits="1" branch="False" />
            <line number="80" hits="2" branch="True" condition-coverage="100% (2/2)">
              <conditions>
                <condition number="296" type="jump" coverage="100%" />
              </conditions>
            </line>
            <line number="81" hits="1" branch="False" />
            <line number="83" hits="1" branch="False" />
            <line number="84" hits="1" branch="False" />
            <line number="85" hits="1" branch="False" />
            <line number="86" hits="1" branch="False" />
            <line number="87" hits="1" branch="False" />
            <line number="88" hits="1" branch="False" />
            <line number="89" hits="1" branch="False" />
            <line number="91" hits="1" branch="False" />
            <line number="93" hits="1" branch="True" condition-coverage="50% (1/2)">
              <conditions>
                <condition number="571" type="jump" coverage="50%" />
              </conditions>
            </line>
            <line number="94" hits="0" branch="False" />
            <line number="96" hits="0" branch="False" />
            <line number="99" hits="1" branch="False" />
            <line number="101" hits="1" branch="False" />
            <line number="102" hits="1" branch="False" />
            <line number="103" hits="1" branch="False" />
            <line number="104" hits="1" branch="False" />
            <line number="105" hits="1" branch="False" />
            <line number="106" hits="1" branch="False" />
            <line number="107" hits="1" branch="False" />
            <line number="108" hits="1" branch="False" />
            <line number="109" hits="1" branch="False" />
            <line number="111" hits="1" branch="False" />
            <line number="112" hits="1" branch="False" />
            <line number="114" hits="1" branch="False" />
            <line number="116" hits="1" branch="False" />
            <line number="118" hits="1" branch="False" />
            <line number="119" hits="1" branch="False" />
          </lines>
        </class>
        <class name="Discounts.Application.Services.Implementations.CategoryService" filename="Discounts.Application/Services/Implementations/CategoryService.cs" line-rate="1" branch-rate="1" complexity="1">
          <methods>
            <method name=".ctor" signature="(Discounts.Application.IRepositories.IUnitOfWork,Microsoft.Extensions.Logging.ILogger`1&lt;Discounts.Application.Services.Implementations.CategoryService&gt;)" line-rate="1" branch-rate="1" complexity="1">
              <lines>
                <line number="18" hits="19" branch="False" />
                <line number="19" hits="19" branch="False" />
                <line number="20" hits="19" branch="False" />
                <line number="21" hits="19" branch="False" />
                <line number="22" hits="19" branch="False" />
                <line number="23" hits="19" branch="False" />
                <line number="24" hits="19" branch="False" />
              </lines>
            </method>
          </methods>
          <lines>
            <line number="18" hits="19" branch="False" />
            <line number="19" hits="19" branch="False" />
            <line number="20" hits="19" branch="False" />
            <line number="21" hits="19" branch="False" />
            <line number="22" hits="19" branch="False" />
            <line number="23" hits="19" branch="False" />
            <line number="24" hits="19" branch="False" />
          </lines>
        </class>
        <class name="Discounts.Application.Services.Implementations.CategoryService/&lt;&gt;c" filename="Discounts.Application/Services/Implementations/CategoryService.cs" line-rate="1" branch-rate="1" complexity="2">
          <methods>
            <method name="&lt;GetAllCategoriesAsync&gt;b__8_0" signature="(Discounts.Application.DTOs.Categories.CategoryResponseDto)" line-rate="1" branch-rate="1" complexity="1">
              <lines>
                <line number="150" hits="3" branch="False" />
[...]
              <lines>
                <line number="19" hits="0" branch="False" />
                <line number="20" hits="0" branch="False" />
              </lines>
            </method>
          </methods>
          <lines>
            <line number="19" hits="0" branch="False" />
            <line number="20" hits="0" branch="False" />
          </lines>
        </class>
        <class name="Discounts.API.Controllers.GlobalSettingsController/&lt;GetGlobalSettings&gt;d__2" filename="Discounts.API/Controllers/GlobalSettingsController.cs" line-rate="0" branch-rate="1" complexity="1">
          <methods>
            <method name="MoveNext" signature="()" line-rate="0" branch-rate="1" complexity="1">
              <lines>
                <line number="25" hits="0" branch="False" />
                <line number="26" hits="0" branch="False" />
                <line number="27" hits="0" branch="False" />
                <line number="28" hits="0" branch="False" />
              </lines>
            </method>
          </methods>
          <lines>
            <line number="25" hits="0" branch="False" />
            <line number="26" hits="0" branch="False" />
            <line number="27" hits="0" branch="False" />
            <line number="28" hits="0" branch="False" />
          </lines>
        </class>
        <class name="Discounts.API.Controllers.GlobalSettingsController/&lt;UpdateGlobalSettings&gt;d__3" filename="Discounts.API/Controllers/GlobalSettingsController.cs" line-rate="0" branch-rate="1" complexity="1">
          <methods>
            <method name="MoveNext" signature="()" line-rate="0" branch-rate="1" complexity="1">
              <lines>
                <line number="35" hits="0" branch="False" />
                <line number="36" hits="0" branch="False" />
                <line number="37" hits="0" branch="False" />
                <line number="38" hits="0" branch="False" />
                <line number="40" hits="0" branch="False" />
                <line number="41" hits="0" branch="False" />
              </lines>
            </method>
          </methods>
          <lines>
            <line number="35" hits="0" branch="False" />
            <line number="36" hits="0" branch="False" />
            <line number="37" hits="0" branch="False" />
            <line number="38" hits="0" branch="False" />
            <line number="40" hits="0" branch="False" />
            <line number="41" hits="0" branch="False" />
          </lines>
        </class>
        <class name="Discounts.API.Controllers.OfferController" filename="Discounts.API/Controllers/OfferController.cs" line-rate="0" branch-rate="1" complexity="1">
          <methods>
            <method name=".ctor" signature="(Discounts.Application.Services.Interfaces.IOfferService)" line-rate="0" branch-rate="1" complexity="1">
              <lines>
                <line number="19" hits="0" branch="False" />
              </lines>
            </method>
          </methods>
          <lines>
            <line number="19" hits="0" branch="False" />
          </lines>
        </class>
        <class name="Discounts.API.Controllers.OfferController/&lt;ApproveOffer&gt;d__9" filename="Discounts.API/Controllers/OfferController.cs" line-rate="0" branch-rate="1" complexity="1">
          <methods>
            <method name="MoveNext" signature="()" line-rate="0" branch-rate="1" complexity="1">
              <lines>
                <line number="97" hits="0" branch="False" />
                <line number="98" hits="0" branch="False" />
                <line number="99" hits="0" branch="False" />
                <line number="100" hits="0" branch="False" />
                <line number="101" hits="0" branch="False" />
              </lines>
            </method>
          </methods>
          <lines>
            <line number="97" hits="0" branch="False" />
            <line number="98" hits="0" branch="False" />
            <line number="99" hits="0" branch="False" />
            <line number="100" hits="0" branch="False" />
            <line number="101" hits="0" branch="False" />
          </lines>
        </class>
        <class name="Discounts.API.Controllers.OfferController/&lt;CreateOffer&gt;d__4" filename="Discounts.API/Controllers/OfferController.cs" line-rate="0" branch-rate="1" complexity="1">
          <methods>
            <method name="MoveNext" signature="()" line-rate="0" branch-rate="1" complexity="1">
              <lines>
                <line number="50" hits="0" branch="False" />
                <line number="51" hits="0" branch="False" />
                <line number="52" hits="0" branch="False" />
                <line number="53" hits="0" branch="False" />
                <line number="54" hits="0" branch="False" />
              </lines>
            </method>
          </methods>
          <lines>
            <line number="50" hits="0" branch="False" />
            <line number="51" hits="0" branch="False" />
            <line number="52" hits="0" branch="False" />
            <line number="53" hits="0" branch="False" />
            <line number="54" hits="0" branch="False" />
          </lines>
        </class>
        <class name="Discounts.API.Controllers.OfferController/&lt;GetApprovedOffers&gt;d__2" filename="Discounts.API/Controllers/OfferController.cs" line-rate="0" branch-rate="1" complexity="1">
          <methods>
            <method name="MoveNext" signature="()" line-rate="0" branch-rate="1" complexity="1">
              <lines>
                <line number="30" hits="0" branch="False" />
                <line number="31" hits="0" branch="False" />
                <line number="32" hits="0" branch="False" />
                <line number="33" hits="0" branch="False" />
                <line number="34" hits="0" branch="False" />
              </lines>
            </method>
          </methods>
          <lines>
            <line number="30" hits="0" branch="False" />
            <line number="31" hits="0" branch="False" />
            <line number="32" hits="0" branch="False" />
            <line number="33" hits="0" branch="False" />
            <line number="34" hits="0" branch="False" />
          </lines>
        </class>
        <class name="Discounts.API.Controllers.OfferController/&lt;GetMyOffers&gt;d__6" filename="Discounts.API/Controllers/OfferController.cs" line-rate="0" branch-rate="1" complexity="1">
          <methods>
            <method name="MoveNext" signature="()" line-rate="0" branch-rate="1" complexity="1">
              <lines>
                <line number="70" hits="0" branch="False" />
                <line number="71" hits="0" branch="False" />
                <line number="72" hits="0" branch="False" />
                <line number="73" hits="0" branch="False" />
                <line number="74" hits="0" branch="False" />
              </lines>
            </method>
          </methods>
          <lines>
            <line number="70" hits="0" branch="False" />
            <line number="71" hits="0" branch="False" />
            <line number="72" hits="0" branch="False" />
            <line number="73" hits="0" branch="False" />
            <line number="74" hits="0" branch="False" />
          </lines>
        </class>
        <class name="Discounts.API.Controllers.OfferController/&lt;GetOfferDetails&gt;d__3" filename="Discounts.API/Controllers/OfferController.cs" line-rate="0" branch-rate="1" complexity="1">
          <methods>
            <method name="MoveNext" signature="()" line-rate="0" branch-rate="1" complexity="1">
              <lines>
                <line number="39" hits="0" branch="False" />
                <line number="40" hits="0" branch="False" />
                <line number="41" hits="0" branch="False" />
                <line number="42" hits="0" branch="False" />
              </lines>
            </method>
          </methods>
          <lines>
            <line number="39" hits="0" branch="False" />
            <line number="40" hits="0" branch="False" />
            <line number="41" hits="0" branch="False" />
            <line number="42" hits="0" branch="False" />
          </lines>
        </class>
        <class name="Discounts.API.Controllers.OfferController/&lt;GetPendingOffers&gt;d__8" filename="Discounts.API/Controllers/OfferController.cs" line-rate="0" branch-rate="1" complexity="1">
          <methods>
            <method name="MoveNext" signature="()" line-rate="0" branch-rate="1" complexity="1">
              <lines>
                <line number="89" hits="0" branch="False" />
                <line number="90" hits="0" branch="False" />
                <line number="91" hits="0" branch="False" />
                <line number="92" hits="0" branch="False" />
              </lines>
            </method>
          </methods>
          <lines>
            <line number="89" hits="0" branch="False" />
            <line number="90" hits="0" branch="False" />
            <line number="91" hits="0" branch="False" />
            <line number="92" hits="0" branch="False" />
          </lines>
        </class>
        <class name="Discounts.API.Controllers.OfferController/&lt;GetSalesHistory&gt;d__7" filename="Discounts.API/Controllers/OfferController.cs" line-rate="0" branch-rate="1" complexity="1">
          <methods>
            <method name="MoveNext" signature="()" line-rate="0" branch-rate="1" complexity="1">
              <lines>
                <line number="79" hits="0" branch="False" />
                <line number="80" hits="0" branch="False" />
                <line number="81" hits="0" branch="False" />
                <line number="82" hits="0" branch="False" />
                <line number="83" hits="0" branch="False" />
              </lines>
            </method>
          </methods>
          <lines>
            <line number="79" hits="0" branch="False" />
            <line number="80" hits="0" branch="False" />
            <line number="81" hits="0" branch="False" />
            <line number="82" hits="0" branch="False" />
            <line number="83" hits="0" branch="False" />
          </lines>
        </class>
        <class name="Discounts.API.Controllers.OfferController/&lt;RejectOffer&gt;d__10" filename="Discounts.API/Controllers/OfferController.cs" line-rate="0" branch-rate="1" complexity="1">
          <methods>
            <method name="MoveNext" signature="()" line-rate="0" branch-rate="1" complexity="1">
              <lines>
                <line number="107" hits="0" branch="False" />
                <line number="108" hits="0" branch="False" />
                <line number="109" hits="0" branch="False" />
                <line number="110" hits="0" branch="False" />
                <line number="111" hits="0" branch="False" />
                <line number="112" hits="0" branch="False" />
              </lines>
            </method>
          </methods>
          <lines>
            <line number="107" hits="0" branch="False" />
            <line number="108" hits="0" branch="False" />
            <line number="109" hits="0" branch="False" />
            <line number="110" hits="0" branch="False" />
            <line number="111" hits="0" branch="False" />
            <line number="112" hits="0" branch="False" />
          </lines>
        </class>
        <class name="Discounts.API.Controllers.OfferController/&lt;UpdateOffer&gt;d__5" filename="Discounts.API/Controllers/OfferController.cs" line-rate="0" branch-rate="1" complexity="1">
          <methods>
            <method name="MoveNext" signature="()" line-rate="0" branch-rate="1" complexity="1">
              <lines>
                <line number="60" hits="0" branch="False" />
                <line number="61" hits="0" branch="False" />
                <line number="62" hits="0" branch="False" />
                <line number="63" hits="0" branch="False" />
                <line number="64" hits="0" branch="False" />
                <line number="65" hits="0" branch="False" />
              </lines>
            </method>
          </methods>
          <lines>
            <line number="60" hits="0" branch="False" />
            <line number="61" hits="0" branch="False" />
            <line number="62" hits="0" branch="False" />
            <line number="63" hits="0" branch="False" />
            <line number="64" hits="0" branch="False" />
            <line number="65" hits="0" branch="False" />
          </lines>
        </class>
        <class name="Discounts.API.Controllers.ReservationController" filename="Discounts.API/Controllers/ReservationController.cs" line-rate="0" branch-rate="1" complexity="1">
          <methods>
            <method name=".ctor" signature="(Discounts.Application.Services.Interfaces.IReservationService)" line-rate="0" branch-rate="1" complexity="1">
              <lines>
                <line number="20" hits="0" branch="False" />
                <line number="21" hits="0" branch="False" />
              </lines>
            </method>
          </methods>
          <lines>
            <line number="20" hits="0" branch="False" />
            <line number="21" hits="0" branch="False" />
          </lines>
        </class>
        <class name="Discounts.API.Controllers.ReservationController/&lt;CancelReservation&gt;d__6" filename="Discounts.API/Controllers/ReservationController.cs" line-rate="0" branch-rate="1" complexity="1">
          <methods>
            <method name="MoveNext" signature="()" line-rate="0" branch-rate="1" complexity="1">
              <lines>
                <line number="78" hits="0" branch="False" />
                <line number="79" hits="0" branch="False" />
                <line number="80" hits="0" branch="False" />
                <line number="82" hits="0" branch="False" />
                <line number="83" hits="0" branch="False" />
              </lines>
            </method>
          </methods>
          <lines>
            <line number="78" hits="0" branch="False" />
            <line number="79" hits="0" branch="False" />
            <line number="80" hits="0" branch="False" />
            <line number="82" hits="0" branch="False" />
            <line number="83" hits="0" branch="False" />
          </lines>
        </class>
        <class name="Discounts.API.Controllers.ReservationController/&lt;CreateReservation&gt;d__2" filename="Discounts.API/Controllers/ReservationController.cs" line-rate="0" branch-rate="1" complexity="1">
          <methods>
            <method name="MoveNext" signature="()" line-rate="0" branch-rate="1" complexity="1">
              <lines>
                <line number="27" hits="0" branch="False" />
                <line number="28" hits="0" branch="False" />
                <line number="29" hits="0" branch="False" />
                <line number="30" hits="0" branch="False" />
                <line number="32" hits="0" branch="False" />
                <line number="33" hits="0" branch="False" />
                <line number="34" hits="0" branch="False" />
                <line number="35" hits="0" branch="False" />
                <line number="36" hits="0" branch="False" />
              </lines>
            </method>
          </methods>
          <lines>
            <line number="27" hits="0" branch="False" />
            <line number="28" hits="0" branch="False" />
            <line number="29" hits="0" branch="False" />
            <line number="30" hits="0" branch="False" />
            <line number="32" hits="0" branch="False" />
            <line number="33" hits="0" branch="False" />
            <line number="34" hits="0" branch="False" />
            <line number="35" hits="0" branch="False" />
            <line number="36" hits="0" branch="False" />
          </lines>
        </class>
        <class name="Discounts.API.Controllers.ReservationController/&lt;GetMyReservations&gt;d__4" filename="Discounts.API/Controllers/ReservationController.cs" line-rate="0" branch-rate="1" complexity="1">
          <methods>
            <method name="MoveNext" signature="()" line-rate="0" branch-rate="1" complexity="1">
              <lines>
                <line number="58" hits="0" branch="False" />
                <line number="59" hits="0" branch="False" />
                <line number="60" hits="0" branch="False" />
                <line number="61" hits="0" branch="False" />
                <line number="63" hits="0" branch="False" />
                <line number="64" hits="0" branch="False" />
              </lines>
            </method>
          </methods>
          <lines>
            <line number="58" hits="0" branch="False" />
            <line number="59" hits="0" branch="False" />
            <line number="60" hits="0" branch="False" />
            <line number="61" hits="0" branch="False" />
            <line number="63" hits="0" branch="False" />
            <line number="64" hits="0" branch="False" />
          </lines>
        </class>
        <class name="Discounts.API.Controllers.ReservationController/&lt;GetReservation&gt;d__5" filename="Discounts.API/Controllers/ReservationController.cs" line-rate="0" branch-rate="1" complexity="1">
          <methods>
            <method name="MoveNext" signature="()" line-rate="0" branch-rate="1" complexity="1">
              <lines>
                <line number="68" hits="0" branch="False" />
                <line number="69" hits="0" branch="False" />
                <line number="70" hits="0" branch="False" />
                <line number="71" hits="0" branch="False" />
                <line number="73" hits="0" branch="False" />
                <line number="74" hits="0" branch="False" />
              </lines>
            </method>
          </methods>
          <lines>
            <line number="68" hits="0" branch="False" />
            <line number="69" hits="0" branch="False" />
            <line number="70" hits="0" branch="False" />
            <line number="71" hits="0" branch="False" />
            <line number="73" hits="0" branch="False" />
            <line number="74" hits="0" branch="False" />
          </lines>
        </class>
        <class name="Discounts.API.Controllers.ReservationController/&lt;PurchaseReservation&gt;d__3" filename="Discounts.API/Controllers/ReservationController.cs" line-rate="0" branch-rate="1" complexity="1">
          <methods>
            <method name="MoveNext" signature="()" line-rate="0" branch-rate="1" complexity="1">
              <lines>
                <line number="43" hits="0" branch="False" />
                <line number="44" hits="0" branch="False" />
                <line number="45" hits="0" branch="False" />
                <line number="46" hits="0" branch="False" />
                <line number="48" hits="0" branch="False" />
                <line number="49" hits="0" branch="False" />
                <line number="50" hits="0" branch="False" />
                <line number="51" hits="0" branch="False" />
                <line number="52" hits="0" branch="False" />
                <line number="53" hits="0" branch="False" />
                <line number="54" hits="0" branch="False" />
              </lines>
            </method>
          </methods>
          <lines>
            <line number="43" hits="0" branch="False" />
            <line number="44" hits="0" branch="False" />
            <line number="45" hits="0" branch="False" />
            <line number="46" hits="0" branch="False" />
            <line number="48" hits="0" branch="False" />
            <line number="49" hits="0" branch="False" />
            <line number="50" hits="0" branch="False" />
            <line number="51" hits="0" branch="False" />
            <line number="52" hits="0" branch="False" />
            <line number="53" hits="0" branch="False" />
            <line number="54" hits="0" branch="False" />
          </lines>
        </class>
      </classes>
    </package>
  </packages>
</coverage>